E:\[CLASS\[UML-OBJ-ORIENTED\COCOS2D-2.0-X-2.0.4\DEBUG.WIN32\SNAKEVS_CC2DX.WIN32.EXE
E:\[CLASS\[UML-OBJ-ORIENTED\COCOS2D-2.0-X-2.0.4\DEBUG.WIN32\SNAKEVS_CC2DX.WIN32.ILK
E:\[CLASS\[UML-OBJ-ORIENTED\COCOS2D-2.0-X-2.0.4\DEBUG.WIN32\SNAKEVS_CC2DX.WIN32.PDB
E:\[CLASS\[UML-OBJ-ORIENTED\COCOS2D-2.0-X-2.0.4\SNAKEVS_CC2DX\PROJ.WIN32\DEBUG.WIN32\APPDELEGATE.OBJ
E:\[CLASS\[UML-OBJ-ORIENTED\COCOS2D-2.0-X-2.0.4\SNAKEVS_CC2DX\PROJ.WIN32\DEBUG.WIN32\BLOCK.OBJ
E:\[CLASS\[UML-obj-oriented\cocos2d-2.0-x-2.0.4\SnakeVS_cc2dx\proj.win32\Debug.win32\cl.command.1.tlog
E:\[CLASS\[UML-obj-oriented\cocos2d-2.0-x-2.0.4\SnakeVS_cc2dx\proj.win32\Debug.win32\CL.read.1.tlog
E:\[CLASS\[UML-obj-oriented\cocos2d-2.0-x-2.0.4\SnakeVS_cc2dx\proj.win32\Debug.win32\CL.write.1.tlog
E:\[CLASS\[UML-OBJ-ORIENTED\COCOS2D-2.0-X-2.0.4\SNAKEVS_CC2DX\PROJ.WIN32\DEBUG.WIN32\FOOD.OBJ
E:\[CLASS\[UML-OBJ-ORIENTED\COCOS2D-2.0-X-2.0.4\SNAKEVS_CC2DX\PROJ.WIN32\DEBUG.WIN32\GAMEOVERSCENE.OBJ
E:\[CLASS\[UML-OBJ-ORIENTED\COCOS2D-2.0-X-2.0.4\SNAKEVS_CC2DX\PROJ.WIN32\DEBUG.WIN32\GAMESTARTSCENE.OBJ
E:\[CLASS\[UML-OBJ-ORIENTED\COCOS2D-2.0-X-2.0.4\SNAKEVS_CC2DX\PROJ.WIN32\DEBUG.WIN32\HELLOWORLDSCENE.OBJ
E:\[CLASS\[UML-OBJ-ORIENTED\COCOS2D-2.0-X-2.0.4\SNAKEVS_CC2DX\PROJ.WIN32\DEBUG.WIN32\LAYER_FOOD.OBJ
E:\[CLASS\[UML-OBJ-ORIENTED\COCOS2D-2.0-X-2.0.4\SNAKEVS_CC2DX\PROJ.WIN32\DEBUG.WIN32\LAYER_SNAKEAUTO.OBJ
E:\[CLASS\[UML-OBJ-ORIENTED\COCOS2D-2.0-X-2.0.4\SNAKEVS_CC2DX\PROJ.WIN32\DEBUG.WIN32\LAYER_SNAKEHUMAN.OBJ
E:\[CLASS\[UML-OBJ-ORIENTED\COCOS2D-2.0-X-2.0.4\SNAKEVS_CC2DX\PROJ.WIN32\DEBUG.WIN32\LAYER_TOUCHCONTROL.OBJ
E:\[CLASS\[UML-OBJ-ORIENTED\COCOS2D-2.0-X-2.0.4\SNAKEVS_CC2DX\PROJ.WIN32\DEBUG.WIN32\LAYER_WORLDANDBLOCK.OBJ
E:\[CLASS\[UML-obj-oriented\cocos2d-2.0-x-2.0.4\SnakeVS_cc2dx\proj.win32\Debug.win32\link.16124.read.1.tlog
E:\[CLASS\[UML-obj-oriented\cocos2d-2.0-x-2.0.4\SnakeVS_cc2dx\proj.win32\Debug.win32\link.16124.write.1.tlog
E:\[CLASS\[UML-obj-oriented\cocos2d-2.0-x-2.0.4\SnakeVS_cc2dx\proj.win32\Debug.win32\link.16124-cvtres.read.1.tlog
E:\[CLASS\[UML-obj-oriented\cocos2d-2.0-x-2.0.4\SnakeVS_cc2dx\proj.win32\Debug.win32\link.16124-cvtres.write.1.tlog
E:\[CLASS\[UML-obj-oriented\cocos2d-2.0-x-2.0.4\SnakeVS_cc2dx\proj.win32\Debug.win32\link.25356.read.1.tlog
E:\[CLASS\[UML-obj-oriented\cocos2d-2.0-x-2.0.4\SnakeVS_cc2dx\proj.win32\Debug.win32\link.25356.write.1.tlog
E:\[CLASS\[UML-obj-oriented\cocos2d-2.0-x-2.0.4\SnakeVS_cc2dx\proj.win32\Debug.win32\link.25356-cvtres.read.1.tlog
E:\[CLASS\[UML-obj-oriented\cocos2d-2.0-x-2.0.4\SnakeVS_cc2dx\proj.win32\Debug.win32\link.25356-cvtres.write.1.tlog
E:\[CLASS\[UML-obj-oriented\cocos2d-2.0-x-2.0.4\SnakeVS_cc2dx\proj.win32\Debug.win32\link.command.1.tlog
E:\[CLASS\[UML-obj-oriented\cocos2d-2.0-x-2.0.4\SnakeVS_cc2dx\proj.win32\Debug.win32\link.read.1.tlog
E:\[CLASS\[UML-obj-oriented\cocos2d-2.0-x-2.0.4\SnakeVS_cc2dx\proj.win32\Debug.win32\link.write.1.tlog
E:\[CLASS\[UML-obj-oriented\cocos2d-2.0-x-2.0.4\SnakeVS_cc2dx\proj.win32\Debug.win32\link-cvtres.read.1.tlog
E:\[CLASS\[UML-obj-oriented\cocos2d-2.0-x-2.0.4\SnakeVS_cc2dx\proj.win32\Debug.win32\link-cvtres.write.1.tlog
E:\[CLASS\[UML-OBJ-ORIENTED\COCOS2D-2.0-X-2.0.4\SNAKEVS_CC2DX\PROJ.WIN32\DEBUG.WIN32\MAIN.OBJ
E:\[CLASS\[UML-obj-oriented\cocos2d-2.0-x-2.0.4\SnakeVS_cc2dx\proj.win32\Debug.win32\mt.command.1.tlog
E:\[CLASS\[UML-obj-oriented\cocos2d-2.0-x-2.0.4\SnakeVS_cc2dx\proj.win32\Debug.win32\mt.read.1.tlog
E:\[CLASS\[UML-obj-oriented\cocos2d-2.0-x-2.0.4\SnakeVS_cc2dx\proj.win32\Debug.win32\mt.write.1.tlog
E:\[CLASS\[UML-obj-oriented\cocos2d-2.0-x-2.0.4\SnakeVS_cc2dx\proj.win32\Debug.win32\rc.command.1.tlog
E:\[CLASS\[UML-obj-oriented\cocos2d-2.0-x-2.0.4\SnakeVS_cc2dx\proj.win32\Debug.win32\rc.read.1.tlog
E:\[CLASS\[UML-obj-oriented\cocos2d-2.0-x-2.0.4\SnakeVS_cc2dx\proj.win32\Debug.win32\rc.write.1.tlog
E:\[CLASS\[UML-OBJ-ORIENTED\COCOS2D-2.0-X-2.0.4\SNAKEVS_CC2DX\PROJ.WIN32\DEBUG.WIN32\SNAKE.OBJ
E:\[CLASS\[UML-OBJ-ORIENTED\COCOS2D-2.0-X-2.0.4\SNAKEVS_CC2DX\PROJ.WIN32\DEBUG.WIN32\SNAKE_AUTO.OBJ
E:\[CLASS\[UML-OBJ-ORIENTED\COCOS2D-2.0-X-2.0.4\SNAKEVS_CC2DX\PROJ.WIN32\DEBUG.WIN32\SNAKE_HUMAN.OBJ
E:\[CLASS\[UML-OBJ-ORIENTED\COCOS2D-2.0-X-2.0.4\SNAKEVS_CC2DX\PROJ.WIN32\DEBUG.WIN32\SNAKEVS_CC2DX.RES
E:\[CLASS\[UML-OBJ-ORIENTED\COCOS2D-2.0-X-2.0.4\SNAKEVS_CC2DX\PROJ.WIN32\DEBUG.WIN32\SNAKEVS_CC2DX.WIN32.EXE.EMBED.MANIFEST
E:\[CLASS\[UML-OBJ-ORIENTED\COCOS2D-2.0-X-2.0.4\SNAKEVS_CC2DX\PROJ.WIN32\DEBUG.WIN32\SNAKEVS_CC2DX.WIN32.EXE.EMBED.MANIFEST.RES
E:\[CLASS\[UML-OBJ-ORIENTED\COCOS2D-2.0-X-2.0.4\SNAKEVS_CC2DX\PROJ.WIN32\DEBUG.WIN32\SNAKEVS_CC2DX.WIN32.EXE.INTERMEDIATE.MANIFEST
E:\[CLASS\[UML-obj-oriented\cocos2d-2.0-x-2.0.4\SnakeVS_cc2dx\proj.win32\Debug.win32\SnakeVS_cc2dx.win32_manifest.rc
E:\[CLASS\[UML-OBJ-ORIENTED\COCOS2D-2.0-X-2.0.4\SNAKEVS_CC2DX\PROJ.WIN32\DEBUG.WIN32\SNAKEVS_GAME.OBJ
E:\[CLASS\[UML-obj-oriented\cocos2d-2.0-x-2.0.4\SnakeVS_cc2dx\proj.win32\Debug.win32\vc100.idb
E:\[CLASS\[UML-OBJ-ORIENTED\COCOS2D-2.0-X-2.0.4\SNAKEVS_CC2DX\PROJ.WIN32\DEBUG.WIN32\VC100.PDB
E:\[CLASS\[UML-OBJ-ORIENTED\COCOS2D-2.0-X-2.0.4\SNAKEVS_CC2DX\PROJ.WIN32\DEBUG.WIN32\WORLD.OBJ
